<?xml version="1.0" encoding="UTF-8"?>
<!-- Generated by org.testng.reporters.JUnitReportReporter -->
<testsuite hostname="Abhijith" failures="0" tests="1" name="login.TC_DWS_02_Test" time="2.933" errors="0" timestamp="2023-12-20T11:11:53 IST" skipped="0">
  <testcase classname="login.TC_DWS_02_Test" name="loginTest" time="2.933"/>
  <system-out/>
</testsuite> <!-- login.TC_DWS_02_Test -->
